<?xml version="1.0" encoding="UTF-8"?>
<!-- Generated by org.testng.reporters.JUnitReportReporter -->
<testsuite hostname="ASUS" failures="0" tests="1" name="testpkg.Signuptest" time="11.867" errors="0" timestamp="2024-11-08T16:51:48 IST" skipped="0">
  <testcase classname="testpkg.Signuptest" name="Signup" time="11.867"/>
  <system-out/>
</testsuite> <!-- testpkg.Signuptest -->
